<?xml version="1.0" encoding="UTF-8"?>
<!-- Generated by org.testng.reporters.JUnitReportReporter -->
<testsuite hostname="LAPTOP-NRG3L2KA" failures="0" tests="2" name="PracticePro.RestTest" time="0.004" errors="0" timestamp="2021-05-19T22:49:36 IST" skipped="0">
  <testcase classname="PracticePro.RestTest" name="farewell" time="0.004"/>
  <system-out/>
  <testcase classname="PracticePro.RestTest" name="welcome" time="0.000"/>
  <system-out/>
</testsuite> <!-- PracticePro.RestTest -->
