<?xml version="1.0" encoding="UTF-8"?>
<!-- Generated by org.testng.reporters.JUnitReportReporter -->
<testsuite hostname="LAPTOP-NRG3L2KA" failures="0" tests="1" name="PracticePro.SeleniumTest" time="0.001" errors="0" timestamp="2021-05-19T22:49:36 IST" skipped="0">
  <testcase classname="PracticePro.SeleniumTest" name="method1" time="0.001"/>
  <system-out/>
</testsuite> <!-- PracticePro.SeleniumTest -->
