<?xml version="1.0" encoding="UTF-8"?>
<!-- Generated by org.testng.reporters.JUnitReportReporter -->
<testsuite hostname="LAPTOP-NRG3L2KA" failures="0" tests="1" name="PracticePro.NewoneTest" time="0.000" errors="0" timestamp="2021-05-19T22:49:36 IST" skipped="0">
  <testcase classname="PracticePro.NewoneTest" name="nanban" time="0.000"/>
  <system-out/>
</testsuite> <!-- PracticePro.NewoneTest -->
